# JRE version: Java(TM) SE Runtime Environment (8.0_25-b17) (build 1.8.0_25-b17)
# Java VM: Java HotSpot(TM) 64-Bit Server VM (25.25-b02 mixed mode bsd-amd64 compressed oops)
Heap:
 PSYoungGen      total 158720K, used 44678K [0x0000000795580000, 0x00000007a2980000, 0x00000007c0000000)
  eden space 141312K, 20% used [0x0000000795580000,0x00000007971396f0,0x000000079df80000)
  from space 17408K, 93% used [0x000000079f200000,0x00000007a01e83f8,0x00000007a0300000)
  to   space 18944K, 0% used [0x000000079df80000,0x000000079df80000,0x000000079f200000)
 ParOldGen       total 113152K, used 19933K [0x0000000740000000, 0x0000000746e80000, 0x0000000795580000)
  object space 113152K, 17% used [0x0000000740000000,0x0000000741377538,0x0000000746e80000)
 Metaspace       used 49267K, capacity 52344K, committed 52568K, reserved 1095680K
  class space    used 5783K, capacity 6759K, committed 6784K, reserved 1048576K
GC Heap History (10 events):
Event: 3.205 GC heap before
{Heap before GC invocations=4 (full 1):
 PSYoungGen      total 71680K, used 5112K [0x0000000795580000, 0x000000079e180000, 0x00000007c0000000)
  eden space 66560K, 0% used [0x0000000795580000,0x0000000795580000,0x0000000799680000)
  from space 5120K, 99% used [0x0000000799680000,0x0000000799b7e158,0x0000000799b80000)
  to   space 5120K, 0% used [0x000000079dc80000,0x000000079dc80000,0x000000079e180000)
 ParOldGen       total 87552K, used 18562K [0x0000000740000000, 0x0000000745580000, 0x0000000795580000)
  object space 87552K, 21% used [0x0000000740000000,0x0000000741220b20,0x0000000745580000)
 Metaspace       used 19554K, capacity 21146K, committed 21248K, reserved 1067008K
  class space    used 2260K, capacity 2720K, committed 2816K, reserved 1048576K
Event: 3.274 GC heap after
Heap after GC invocations=4 (full 1):
 PSYoungGen      total 71680K, used 0K [0x0000000795580000, 0x000000079e180000, 0x00000007c0000000)
  eden space 66560K, 0% used [0x0000000795580000,0x0000000795580000,0x0000000799680000)
  from space 5120K, 0% used [0x0000000799680000,0x0000000799680000,0x0000000799b80000)
  to   space 5120K, 0% used [0x000000079dc80000,0x000000079dc80000,0x000000079e180000)
 ParOldGen       total 81920K, used 16395K [0x0000000740000000, 0x0000000745000000, 0x0000000795580000)
  object space 81920K, 20% used [0x0000000740000000,0x0000000741002c40,0x0000000745000000)
 Metaspace       used 19554K, capacity 21146K, committed 21248K, reserved 1067008K
  class space    used 2260K, capacity 2720K, committed 2816K, reserved 1048576K
}
Event: 5.548 GC heap before
{Heap before GC invocations=5 (full 1):
 PSYoungGen      total 71680K, used 66550K [0x0000000795580000, 0x000000079e180000, 0x00000007c0000000)
  eden space 66560K, 99% used [0x0000000795580000,0x000000079967d990,0x0000000799680000)
  from space 5120K, 0% used [0x0000000799680000,0x0000000799680000,0x0000000799b80000)
  to   space 5120K, 0% used [0x000000079dc80000,0x000000079dc80000,0x000000079e180000)
 ParOldGen       total 81920K, used 16395K [0x0000000740000000, 0x0000000745000000, 0x0000000795580000)
  object space 81920K, 20% used [0x0000000740000000,0x0000000741002c40,0x0000000745000000)
 Metaspace       used 27970K, capacity 30284K, committed 30592K, reserved 1075200K
  class space    used 3403K, capacity 4124K, committed 4224K, reserved 1048576K
Event: 5.562 GC heap after
Heap after GC invocations=5 (full 1):
 PSYoungGen      total 100864K, used 5119K [0x0000000795580000, 0x000000079e180000, 0x00000007c0000000)
  eden space 95744K, 0% used [0x0000000795580000,0x0000000795580000,0x000000079b300000)
  from space 5120K, 99% used [0x000000079dc80000,0x000000079e17fdf0,0x000000079e180000)
  to   space 5120K, 0% used [0x000000079d780000,0x000000079d780000,0x000000079dc80000)
 ParOldGen       total 81920K, used 23141K [0x0000000740000000, 0x0000000745000000, 0x0000000795580000)
  object space 81920K, 28% used [0x0000000740000000,0x0000000741699780,0x0000000745000000)
 Metaspace       used 27970K, capacity 30284K, committed 30592K, reserved 1075200K
  class space    used 3403K, capacity 4124K, committed 4224K, reserved 1048576K
}
Event: 6.118 GC heap before
{Heap before GC invocations=6 (full 1):
 PSYoungGen      total 100864K, used 32735K [0x0000000795580000, 0x000000079e180000, 0x00000007c0000000)
  eden space 95744K, 28% used [0x0000000795580000,0x0000000797078068,0x000000079b300000)
  from space 5120K, 99% used [0x000000079dc80000,0x000000079e17fdf0,0x000000079e180000)
  to   space 5120K, 0% used [0x000000079d780000,0x000000079d780000,0x000000079dc80000)
 ParOldGen       total 81920K, used 23141K [0x0000000740000000, 0x0000000745000000, 0x0000000795580000)
  object space 81920K, 28% used [0x0000000740000000,0x0000000741699780,0x0000000745000000)
 Metaspace       used 32636K, capacity 35290K, committed 35416K, reserved 1079296K
  class space    used 4114K, capacity 4913K, committed 4992K, reserved 1048576K
Event: 6.136 GC heap after
Heap after GC invocations=6 (full 1):
 PSYoungGen      total 138240K, used 5096K [0x0000000795580000, 0x00000007a0300000, 0x00000007c0000000)
  eden space 133120K, 0% used [0x0000000795580000,0x0000000795580000,0x000000079d780000)
  from space 5120K, 99% used [0x000000079d780000,0x000000079dc7a290,0x000000079dc80000)
  to   space 17408K, 0% used [0x000000079f200000,0x000000079f200000,0x00000007a0300000)
 ParOldGen       total 81920K, used 28695K [0x0000000740000000, 0x0000000745000000, 0x0000000795580000)
  object space 81920K, 35% used [0x0000000740000000,0x0000000741c05c28,0x0000000745000000)
 Metaspace       used 32636K, capacity 35290K, committed 35416K, reserved 1079296K
  class space    used 4114K, capacity 4913K, committed 4992K, reserved 1048576K
}
Event: 6.136 GC heap before
{Heap before GC invocations=7 (full 2):
 PSYoungGen      total 138240K, used 5096K [0x0000000795580000, 0x00000007a0300000, 0x00000007c0000000)
  eden space 133120K, 0% used [0x0000000795580000,0x0000000795580000,0x000000079d780000)
  from space 5120K, 99% used [0x000000079d780000,0x000000079dc7a290,0x000000079dc80000)
  to   space 17408K, 0% used [0x000000079f200000,0x000000079f200000,0x00000007a0300000)
 ParOldGen       total 81920K, used 28695K [0x0000000740000000, 0x0000000745000000, 0x0000000795580000)
  object space 81920K, 35% used [0x0000000740000000,0x0000000741c05c28,0x0000000745000000)
 Metaspace       used 32636K, capacity 35290K, committed 35416K, reserved 1079296K
  class space    used 4114K, capacity 4913K, committed 4992K, reserved 1048576K
Event: 6.246 GC heap after
Heap after GC invocations=7 (full 2):
 PSYoungGen      total 138240K, used 0K [0x0000000795580000, 0x00000007a0300000, 0x00000007c0000000)
  eden space 133120K, 0% used [0x0000000795580000,0x0000000795580000,0x000000079d780000)
  from space 5120K, 0% used [0x000000079d780000,0x000000079d780000,0x000000079dc80000)
  to   space 17408K, 0% used [0x000000079f200000,0x000000079f200000,0x00000007a0300000)
 ParOldGen       total 113152K, used 19925K [0x0000000740000000, 0x0000000746e80000, 0x0000000795580000)
  object space 113152K, 17% used [0x0000000740000000,0x0000000741375538,0x0000000746e80000)
 Metaspace       used 32636K, capacity 35290K, committed 35416K, reserved 1079296K
  class space    used 4114K, capacity 4913K, committed 4992K, reserved 1048576K
}
Event: 36.223 GC heap before
{Heap before GC invocations=8 (full 2):
 PSYoungGen      total 138240K, used 133120K [0x0000000795580000, 0x00000007a0300000, 0x00000007c0000000)
  eden space 133120K, 100% used [0x0000000795580000,0x000000079d780000,0x000000079d780000)
  from space 5120K, 0% used [0x000000079d780000,0x000000079d780000,0x000000079dc80000)
  to   space 17408K, 0% used [0x000000079f200000,0x000000079f200000,0x00000007a0300000)
 ParOldGen       total 113152K, used 19925K [0x0000000740000000, 0x0000000746e80000, 0x0000000795580000)
  object space 113152K, 17% used [0x0000000740000000,0x0000000741375538,0x0000000746e80000)
 Metaspace       used 48741K, capacity 51800K, committed 52056K, reserved 1095680K
  class space    used 5755K, capacity 6727K, committed 6784K, reserved 1048576K
Event: 36.250 GC heap after
Heap after GC invocations=8 (full 2):
 PSYoungGen      total 158720K, used 16288K [0x0000000795580000, 0x00000007a2980000, 0x00000007c0000000)
  eden space 141312K, 0% used [0x0000000795580000,0x0000000795580000,0x000000079df80000)
  from space 17408K, 93% used [0x000000079f200000,0x00000007a01e83f8,0x00000007a0300000)
  to   space 18944K, 0% used [0x000000079df80000,0x000000079df80000,0x000000079f200000)
 ParOldGen       total 113152K, used 19933K [0x0000000740000000, 0x0000000746e80000, 0x0000000795580000)
  object space 113152K, 17% used [0x0000000740000000,0x0000000741377538,0x0000000746e80000)
 Metaspace       used 48741K, capacity 51800K, committed 52056K, reserved 1095680K
  class space    used 5755K, capacity 6727K, committed 6784K, reserved 1048576K
}

